<?xml version="1.0" encoding="UTF-8"?>
<!-- Generated by org.testng.reporters.JUnitReportReporter -->
<testsuite skipped="0" hostname="Rohini-PC" name="restapi.JSONArrayEx2" tests="1" failures="0" timestamp="13 Mar 2020 17:26:53 GMT" time="1.839" errors="0">
  <testcase name="processJsonArray" time="1.839" classname="restapi.JSONArrayEx2"/>
</testsuite> <!-- restapi.JSONArrayEx2 -->
