<?xml version="1.0" encoding="UTF-8"?>
<!-- Generated by org.testng.reporters.JUnitReportReporter -->
<testsuite skipped="0" hostname="Rohini-PC" name="serialization_1.Serializing_POJO_Object_To_JSON" tests="1" failures="0" timestamp="22 Mar 2020 09:30:59 GMT" time="7.100" errors="0">
  <testcase name="serializePOJO" time="7.100" classname="serialization_1.Serializing_POJO_Object_To_JSON"/>
</testsuite> <!-- serialization_1.Serializing_POJO_Object_To_JSON -->
