<?xml version="1.0" encoding="UTF-8"?>
<!-- Generated by org.testng.reporters.JUnitReportReporter -->
<testsuite skipped="0" hostname="Rohini-PC" name="restapi.E2EPlaceInMaps" tests="3" failures="0" timestamp="14 Mar 2020 05:47:35 GMT" time="7.773" errors="0">
  <testcase name="addPlaceInMaps" time="6.887" classname="restapi.E2EPlaceInMaps"/>
  <testcase name="updatePlaceInMaps" time="0.349" classname="restapi.E2EPlaceInMaps"/>
  <testcase name="getPlace" time="0.537" classname="restapi.E2EPlaceInMaps"/>
</testsuite> <!-- restapi.E2EPlaceInMaps -->
