<?xml version="1.0" encoding="UTF-8"?>
<!-- Generated by org.testng.reporters.JUnitReportReporter -->
<testsuite skipped="0" hostname="Rohini-PC" name="pojo1.Deserialize_JSON_POJO" tests="1" failures="0" timestamp="21 Mar 2020 12:05:57 GMT" time="0.160" errors="0">
  <testcase name="deserialize" time="0.160" classname="pojo1.Deserialize_JSON_POJO"/>
</testsuite> <!-- pojo1.Deserialize_JSON_POJO -->
