<?xml version="1.0" encoding="UTF-8"?>
<!-- Generated by org.testng.reporters.JUnitReportReporter -->
<testsuite skipped="0" hostname="Rohini-PC" name="restapi.AddPlaceTest" tests="3" failures="0" timestamp="13 Mar 2020 09:56:40 GMT" time="5.018" errors="0">
  <testcase name="addPlaceInMaps" time="4.028" classname="restapi.AddPlaceTest"/>
  <testcase name="getPlace" time="0.398" classname="restapi.AddPlaceTest"/>
  <testcase name="updatePlaceInMaps" time="0.592" classname="restapi.AddPlaceTest"/>
</testsuite> <!-- restapi.AddPlaceTest -->
