<?xml version="1.0" encoding="UTF-8"?>
<!-- Generated by org.testng.reporters.JUnitReportReporter -->
<testsuite skipped="0" hostname="Rohini-PC" name="restapi.Library_AddBook_Using_External_JsonFile" tests="1" failures="0" timestamp="15 Mar 2020 11:37:30 GMT" time="12.443" errors="0">
  <testcase name="addBook_Using_Extrnl_Json_File" time="12.443" classname="restapi.Library_AddBook_Using_External_JsonFile"/>
</testsuite> <!-- restapi.Library_AddBook_Using_External_JsonFile -->
