<?xml version="1.0" encoding="UTF-8"?>
<!-- Generated by org.testng.reporters.JUnitReportReporter -->
<testsuite skipped="0" hostname="Rohini-PC" name="restapi.Class1" tests="1" failures="0" timestamp="11 Mar 2020 08:08:54 GMT" time="0.015" errors="0">
  <testcase name="method1" time="0.015" classname="restapi.Class1"/>
</testsuite> <!-- restapi.Class1 -->
