<?xml version="1.0" encoding="UTF-8"?>
<!-- Generated by org.testng.reporters.JUnitReportReporter -->
<testsuite skipped="0" hostname="Rohini-PC" name="jira.Restricting_Response_fileds_Validating_Comments" tests="2" failures="0" timestamp="18 Mar 2020 12:36:19 GMT" time="14.119" errors="0">
  <testcase name="createSession" time="4.959" classname="jira.Restricting_Response_fileds_Validating_Comments"/>
  <testcase name="getIssue" time="9.160" classname="jira.Restricting_Response_fileds_Validating_Comments"/>
</testsuite> <!-- jira.Restricting_Response_fileds_Validating_Comments -->
