<?xml version="1.0" encoding="UTF-8"?>
<!-- Generated by org.testng.reporters.JUnitReportReporter -->
<testsuite skipped="0" hostname="Rohini-PC" name="restapi.NestedJSONArrayEx1" tests="1" failures="0" timestamp="13 Mar 2020 18:52:38 GMT" time="1.459" errors="0">
  <testcase name="nestedJSONArray" time="1.459" classname="restapi.NestedJSONArrayEx1"/>
</testsuite> <!-- restapi.NestedJSONArrayEx1 -->
