<?xml version="1.0" encoding="UTF-8"?>
<!-- Generated by org.testng.reporters.JUnitReportReporter -->
<testsuite skipped="0" hostname="Rohini-PC" name="jira.StaticExampleSimple2" tests="3" failures="0" timestamp="21 Mar 2020 04:41:12 GMT" time="66.491" errors="0">
  <testcase name="method12" time="11.443" classname="jira.StaticExampleSimple2"/>
  <testcase name="method10" time="27.655" classname="jira.StaticExampleSimple2"/>
  <testcase name="method11" time="27.393" classname="jira.StaticExampleSimple2"/>
</testsuite> <!-- jira.StaticExampleSimple2 -->
