<?xml version="1.0" encoding="UTF-8"?>
<!-- Generated by org.testng.reporters.JUnitReportReporter -->
<testsuite skipped="0" hostname="Rohini-PC" name="oauth2_authentication.OAuth2_0_Authentication" tests="1" failures="0" timestamp="21 Mar 2020 07:27:21 GMT" time="31.814" errors="0">
  <testcase name="oauth2Authentication" time="31.814" classname="oauth2_authentication.OAuth2_0_Authentication"/>
</testsuite> <!-- oauth2_authentication.OAuth2_0_Authentication -->
