<?xml version="1.0" encoding="UTF-8"?>
<!-- Generated by org.testng.reporters.JUnitReportReporter -->
<testsuite skipped="0" hostname="Rohini-PC" name="jira.Nameless_JSONArray_1" tests="1" failures="0" timestamp="19 Mar 2020 06:48:28 GMT" time="1.517" errors="0">
  <testcase name="parseArray4" time="1.517" classname="jira.Nameless_JSONArray_1"/>
</testsuite> <!-- jira.Nameless_JSONArray_1 -->
