<?xml version="1.0" encoding="UTF-8"?>
<!-- Generated by org.testng.reporters.JUnitReportReporter -->
<testsuite skipped="0" hostname="Rohini-PC" name="pojo_deeply_nested_array.Deserialize_Nested_Array" tests="1" failures="0" timestamp="21 Mar 2020 14:31:11 GMT" time="0.113" errors="0">
  <testcase name="deserialize_deeply_nested_json_array" time="0.113" classname="pojo_deeply_nested_array.Deserialize_Nested_Array"/>
</testsuite> <!-- pojo_deeply_nested_array.Deserialize_Nested_Array -->
