<?xml version="1.0" encoding="UTF-8"?>
<!-- Generated by org.testng.reporters.JUnitReportReporter -->
<testsuite skipped="0" hostname="Rohini-PC" name="restapi.Library_AddBook_DataProvider_Test" tests="12" failures="0" timestamp="15 Mar 2020 09:12:37 GMT" time="5.483" errors="0">
  <testcase name="deleteBooksFromLibrary" time="0.124" classname="restapi.Library_AddBook_DataProvider_Test"/>
  <testcase name="addBookToLobrary" time="0.159" classname="restapi.Library_AddBook_DataProvider_Test"/>
  <testcase name="getBookFromLibrary" time="0.110" classname="restapi.Library_AddBook_DataProvider_Test"/>
  <testcase name="getBookFromLibrary" time="0.150" classname="restapi.Library_AddBook_DataProvider_Test"/>
  <testcase name="deleteBooksFromLibrary" time="0.129" classname="restapi.Library_AddBook_DataProvider_Test"/>
  <testcase name="addBookToLobrary" time="3.588" classname="restapi.Library_AddBook_DataProvider_Test"/>
  <testcase name="addBookToLobrary" time="0.159" classname="restapi.Library_AddBook_DataProvider_Test"/>
  <testcase name="deleteBooksFromLibrary" time="0.131" classname="restapi.Library_AddBook_DataProvider_Test"/>
  <testcase name="getBookFromLibrary" time="0.107" classname="restapi.Library_AddBook_DataProvider_Test"/>
  <testcase name="getBookFromLibrary" time="0.494" classname="restapi.Library_AddBook_DataProvider_Test"/>
  <testcase name="deleteBooksFromLibrary" time="0.125" classname="restapi.Library_AddBook_DataProvider_Test"/>
  <testcase name="addBookToLobrary" time="0.207" classname="restapi.Library_AddBook_DataProvider_Test"/>
</testsuite> <!-- restapi.Library_AddBook_DataProvider_Test -->
