<?xml version="1.0" encoding="UTF-8"?>
<!-- Generated by org.testng.reporters.JUnitReportReporter -->
<testsuite skipped="0" hostname="Rohini-PC" name="serialization.Serialize" tests="1" failures="0" timestamp="22 Mar 2020 08:39:13 GMT" time="3.907" errors="0">
  <testcase name="addPlace" time="3.907" classname="serialization.Serialize"/>
</testsuite> <!-- serialization.Serialize -->
