<?xml version="1.0" encoding="UTF-8"?>
<!-- Generated by org.testng.reporters.JUnitReportReporter -->
<testsuite skipped="0" hostname="Rohini-PC" name="restapi.JsonArrayWithoutName" tests="1" failures="0" timestamp="13 Mar 2020 17:02:01 GMT" time="0.036" errors="0">
  <testcase name="processJsonArrayWithoutName" time="0.036" classname="restapi.JsonArrayWithoutName"/>
</testsuite> <!-- restapi.JsonArrayWithoutName -->
