<?xml version="1.0" encoding="UTF-8"?>
<!-- Generated by org.testng.reporters.JUnitReportReporter -->
<testsuite skipped="0" hostname="Rohini-PC" name="restapi.NestedLibraryAPI" tests="1" failures="0" timestamp="14 Mar 2020 06:53:33 GMT" time="1.364" errors="0">
  <testcase name="displayHeadersFromComplexLibraryApi" time="1.364" classname="restapi.NestedLibraryAPI"/>
</testsuite> <!-- restapi.NestedLibraryAPI -->
