<?xml version="1.0" encoding="UTF-8"?>
<!-- Generated by org.testng.reporters.JUnitReportReporter -->
<testsuite skipped="0" hostname="Rohini-PC" name="jira.Nameless_Json_Array_3" tests="1" failures="0" timestamp="19 Mar 2020 08:35:54 GMT" time="1.629" errors="0">
  <testcase name="parseArray" time="1.629" classname="jira.Nameless_Json_Array_3"/>
</testsuite> <!-- jira.Nameless_Json_Array_3 -->
