<?xml version="1.0" encoding="UTF-8"?>
<!-- Generated by org.testng.reporters.JUnitReportReporter -->
<testsuite skipped="0" hostname="Rohini-PC" name="testsUsingExternalJSONFiles.Library_AddBook_Using_External_JsonFile" tests="1" failures="0" timestamp="15 Mar 2020 11:48:14 GMT" time="3.750" errors="0">
  <testcase name="addBook_Using_Extrnl_Json_File" time="3.750" classname="testsUsingExternalJSONFiles.Library_AddBook_Using_External_JsonFile"/>
</testsuite> <!-- testsUsingExternalJSONFiles.Library_AddBook_Using_External_JsonFile -->
