<?xml version="1.0" encoding="UTF-8"?>
<!-- Generated by org.testng.reporters.JUnitReportReporter -->
<testsuite skipped="0" hostname="Rohini-PC" name="serialization_2.Serialize_To_JSON_Request" tests="1" failures="0" timestamp="22 Mar 2020 11:40:53 GMT" time="0.363" errors="0">
  <testcase name="serialize_to_json" time="0.363" classname="serialization_2.Serialize_To_JSON_Request"/>
</testsuite> <!-- serialization_2.Serialize_To_JSON_Request -->
