<?xml version="1.0" encoding="UTF-8"?>
<!-- Generated by org.testng.reporters.JUnitReportReporter -->
<testsuite skipped="0" hostname="Rohini-PC" name="jira.SessionFilterEx1" tests="1" failures="0" timestamp="17 Mar 2020 09:40:29 GMT" time="17.510" errors="0">
  <testcase name="createLoginSession" time="17.510" classname="jira.SessionFilterEx1"/>
</testsuite> <!-- jira.SessionFilterEx1 -->
