<?xml version="1.0" encoding="UTF-8"?>
<!-- Generated by org.testng.reporters.JUnitReportReporter -->
<testsuite skipped="0" hostname="Rohini-PC" name="restapi.DeeplyNestedJsonPayload" tests="1" failures="0" timestamp="13 Mar 2020 19:56:53 GMT" time="0.030" errors="0">
  <testcase name="read_DeeplyNested_JsonArray_Content" time="0.030" classname="restapi.DeeplyNestedJsonPayload"/>
</testsuite> <!-- restapi.DeeplyNestedJsonPayload -->
