<?xml version="1.0" encoding="UTF-8"?>
<!-- Generated by org.testng.reporters.JUnitReportReporter -->
<testsuite skipped="0" hostname="Rohini-PC" name="pojo_nameless_json_array.Deserialize_Namless_JsonArray" tests="1" failures="0" timestamp="21 Mar 2020 13:57:55 GMT" time="0.093" errors="0">
  <testcase name="deserialize" time="0.093" classname="pojo_nameless_json_array.Deserialize_Namless_JsonArray"/>
</testsuite> <!-- pojo_nameless_json_array.Deserialize_Namless_JsonArray -->
