<?xml version="1.0" encoding="UTF-8"?>
<!-- Generated by org.testng.reporters.JUnitReportReporter -->
<testsuite skipped="0" hostname="Rohini-PC" name="pojo.Deserialize" tests="1" failures="0" timestamp="22 Mar 2020 05:09:55 GMT" time="26.384" errors="0">
  <testcase name="deserialize" time="26.384" classname="pojo.Deserialize"/>
</testsuite> <!-- pojo.Deserialize -->
