<?xml version="1.0" encoding="UTF-8"?>
<!-- Generated by org.testng.reporters.JUnitReportReporter -->
<testsuite skipped="0" hostname="Rohini-PC" name="jira.Jira_E2E_Test" tests="5" failures="0" timestamp="17 Mar 2020 08:03:26 GMT" time="12.180" errors="0">
  <testcase name="createLoginSession" time="3.714" classname="jira.Jira_E2E_Test"/>
  <testcase name="createIssue" time="1.664" classname="jira.Jira_E2E_Test"/>
  <testcase name="getIssue" time="1.177" classname="jira.Jira_E2E_Test"/>
  <testcase name="deleteIssue" time="5.553" classname="jira.Jira_E2E_Test"/>
  <testcase name="getIssueAfterDeletion" time="0.072" classname="jira.Jira_E2E_Test"/>
</testsuite> <!-- jira.Jira_E2E_Test -->
