<?xml version="1.0" encoding="UTF-8"?>
<!-- Generated by org.testng.reporters.JUnitReportReporter -->
<testsuite skipped="0" hostname="Rohini-PC" name="jira.Add_Attachment_To_Bug" tests="4" failures="0" timestamp="18 Mar 2020 09:20:28 GMT" time="113.879" errors="0">
  <testcase name="addComment" time="3.523" classname="jira.Add_Attachment_To_Bug"/>
  <testcase name="createIssue" time="2.280" classname="jira.Add_Attachment_To_Bug"/>
  <testcase name="addAttachment" time="47.973" classname="jira.Add_Attachment_To_Bug"/>
  <testcase name="createSession" time="60.103" classname="jira.Add_Attachment_To_Bug"/>
</testsuite> <!-- jira.Add_Attachment_To_Bug -->
