<?xml version="1.0" encoding="UTF-8"?>
<!-- Generated by org.testng.reporters.JUnitReportReporter -->
<testsuite skipped="0" hostname="Rohini-PC" name="restapi.LibraryAddBookTest" tests="2" failures="0" timestamp="14 Mar 2020 10:01:32 GMT" time="4.177" errors="0">
  <testcase name="getBookByID" time="0.297" classname="restapi.LibraryAddBookTest"/>
  <testcase name="addBookToLobrary" time="3.880" classname="restapi.LibraryAddBookTest"/>
</testsuite> <!-- restapi.LibraryAddBookTest -->
