<?xml version="1.0" encoding="UTF-8"?>
<!-- Generated by org.testng.reporters.JUnitReportReporter -->
<testsuite skipped="0" hostname="Rohini-PC" name="jira.Nameless_JSONArray_2" tests="3" failures="0" timestamp="19 Mar 2020 06:35:22 GMT" time="2.639" errors="0">
  <testcase name="parseArray3" time="0.063" classname="jira.Nameless_JSONArray_2"/>
  <testcase name="parseArray2" time="0.317" classname="jira.Nameless_JSONArray_2"/>
  <testcase name="parseArray" time="2.259" classname="jira.Nameless_JSONArray_2"/>
</testsuite> <!-- jira.Nameless_JSONArray_2 -->
